<?xml version="1.0" encoding="UTF-8"?>
<!-- Generated by org.testng.reporters.JUnitReportReporter -->
<testsuite hostname="LAPTOP-FNC7HNGB" failures="0" tests="1" name="testcases.LogoutTest" time="55.038" errors="0" timestamp="2023-03-30T22:10:46 IST" skipped="0">
  <testcase classname="testcases.LogoutTest" name="logOutTest" time="55.038"/>
  <system-out/>
</testsuite> <!-- testcases.LogoutTest -->
