<?xml version="1.0" encoding="UTF-8"?>
<!-- Generated by org.testng.reporters.JUnitReportReporter -->
<testsuite hostname="LAPTOP-FNC7HNGB" failures="0" tests="1" name="testcases.PaymentTest" time="39.741" errors="0" timestamp="2023-03-30T22:10:46 IST" skipped="0">
  <testcase classname="testcases.PaymentTest" name="paymentTest" time="39.741"/>
  <system-out/>
</testsuite> <!-- testcases.PaymentTest -->
