<?xml version="1.0" encoding="UTF-8"?>
<!-- Generated by org.testng.reporters.JUnitReportReporter -->
<testsuite hostname="LAPTOP-FNC7HNGB" failures="0" tests="3" name="testcases.ProductsTest" time="29.605" errors="0" timestamp="2023-03-30T22:10:46 IST" skipped="0">
  <testcase classname="testcases.ProductsTest" name="getProductPrice" time="9.788"/>
  <system-out/>
  <testcase classname="testcases.ProductsTest" name="clickAddCartBtn" time="9.743"/>
  <system-out/>
  <testcase classname="testcases.ProductsTest" name="getProductText" time="10.074"/>
  <system-out/>
</testsuite> <!-- testcases.ProductsTest -->
