<?xml version="1.0" encoding="UTF-8"?>
<!-- Generated by org.testng.reporters.JUnitReportReporter -->
<testsuite hostname="LAPTOP-FNC7HNGB" failures="0" tests="1" name="testcases.AddCartTest" time="18.675" errors="0" timestamp="2023-03-30T22:10:46 IST" skipped="0">
  <testcase classname="testcases.AddCartTest" name="addProductToCart" time="18.675"/>
  <system-out/>
</testsuite> <!-- testcases.AddCartTest -->
