<?xml version="1.0" encoding="UTF-8"?>
<!-- Generated by org.testng.reporters.JUnitReportReporter -->
<testsuite hostname="DESKTOP-73EJU5G" failures="0" tests="1" name="testcases.LogoutTest" time="51.822" errors="0" timestamp="2023-03-24T17:43:42 IST" skipped="0">
  <testcase classname="testcases.LogoutTest" name="logOutTest" time="51.822"/>
  <system-out/>
</testsuite> <!-- testcases.LogoutTest -->
